TN:
SF:src/component.js
FN:43,(anonymous_0)
FN:65,(anonymous_1)
FN:67,(anonymous_2)
FN:74,(anonymous_3)
FN:78,(anonymous_4)
FN:93,(anonymous_5)
FN:97,(anonymous_6)
FN:101,(anonymous_7)
FN:105,(anonymous_8)
FN:113,(anonymous_9)
FN:121,(anonymous_10)
FN:125,(anonymous_11)
FN:132,(anonymous_12)
FN:152,(anonymous_13)
FN:163,(anonymous_14)
FN:164,(anonymous_15)
FN:177,(anonymous_16)
FN:181,(anonymous_17)
FN:182,(anonymous_18)
FN:189,(anonymous_19)
FN:195,(anonymous_20)
FN:203,(anonymous_21)
FNF:22
FNH:13
FNDA:21,(anonymous_0)
FNDA:2,(anonymous_1)
FNDA:18,(anonymous_2)
FNDA:6,(anonymous_3)
FNDA:16,(anonymous_4)
FNDA:3,(anonymous_5)
FNDA:0,(anonymous_6)
FNDA:3,(anonymous_7)
FNDA:2,(anonymous_8)
FNDA:5,(anonymous_9)
FNDA:0,(anonymous_10)
FNDA:3,(anonymous_11)
FNDA:23,(anonymous_12)
FNDA:0,(anonymous_13)
FNDA:0,(anonymous_14)
FNDA:0,(anonymous_15)
FNDA:18,(anonymous_16)
FNDA:0,(anonymous_17)
FNDA:0,(anonymous_18)
FNDA:0,(anonymous_19)
FNDA:0,(anonymous_20)
FNDA:10,(anonymous_21)
DA:25,1
DA:44,21
DA:46,21
DA:48,21
DA:51,21
DA:52,21
DA:53,21
DA:55,21
DA:56,21
DA:59,21
DA:61,21
DA:67,2
DA:68,18
DA:72,1
DA:74,21
DA:75,6
DA:78,21
DA:79,16
DA:80,16
DA:81,12
DA:82,1
DA:84,11
DA:86,10
DA:87,10
DA:89,5
DA:94,3
DA:98,0
DA:102,3
DA:106,2
DA:114,5
DA:122,0
DA:126,3
DA:133,23
DA:134,23
DA:136,23
DA:140,1
DA:142,22
DA:143,21
DA:145,1
DA:153,0
DA:154,0
DA:156,0
DA:158,0
DA:159,0
DA:161,0
DA:162,0
DA:163,0
DA:165,0
DA:166,0
DA:169,0
DA:170,0
DA:173,0
DA:178,18
DA:182,0
DA:183,0
DA:184,0
DA:185,0
DA:193,0
DA:195,0
DA:196,0
DA:198,0
DA:199,0
DA:203,21
DA:206,10
DA:219,1
LF:65
LH:41
BRDA:75,0,0,0
BRDA:75,0,1,6
BRDA:81,1,0,1
BRDA:81,1,1,11
BRDA:81,2,0,12
BRDA:81,2,1,2
BRDA:84,3,0,1
BRDA:84,3,1,10
BRDA:136,4,0,1
BRDA:136,4,1,22
BRDA:137,5,0,23
BRDA:137,5,1,22
BRDA:158,6,0,0
BRDA:158,6,1,0
BRDA:161,7,0,0
BRDA:161,7,1,0
BRDA:185,8,0,0
BRDA:185,8,1,0
BRDA:193,9,0,0
BRDA:193,9,1,0
BRF:20
BRH:11
end_of_record
TN:
SF:src/data-helpers.js
FN:2,(anonymous_0)
FN:13,(anonymous_1)
FN:33,(anonymous_2)
FN:48,(anonymous_3)
FN:52,(anonymous_4)
FNF:5
FNH:5
FNDA:11,(anonymous_0)
FNDA:79,(anonymous_1)
FNDA:9,(anonymous_2)
FNDA:45,(anonymous_3)
FNDA:15,(anonymous_4)
DA:2,4
DA:3,11
DA:5,11
DA:8,9
DA:13,4
DA:14,79
DA:15,77
DA:16,76
DA:18,76
DA:19,76
DA:20,4
DA:21,3
DA:22,2
DA:24,72
DA:26,71
DA:27,0
DA:29,71
DA:33,4
DA:35,9
DA:48,9
DA:49,45
DA:50,5
DA:51,40
DA:52,3
DA:53,15
DA:54,0
DA:55,15
DA:56,0
DA:58,15
DA:60,37
DA:61,4
DA:64,33
DA:68,9
LF:33
LH:30
BRDA:14,0,0,2
BRDA:14,0,1,77
BRDA:15,1,0,1
BRDA:15,1,1,76
BRDA:16,2,0,0
BRDA:16,2,1,76
BRDA:19,3,0,4
BRDA:19,3,1,72
BRDA:20,4,0,1
BRDA:20,4,1,3
BRDA:21,5,0,1
BRDA:21,5,1,2
BRDA:22,6,0,1
BRDA:22,6,1,1
BRDA:24,7,0,1
BRDA:24,7,1,71
BRDA:26,8,0,0
BRDA:26,8,1,71
BRDA:26,9,0,71
BRDA:26,9,1,33
BRDA:49,10,0,5
BRDA:49,10,1,40
BRDA:51,11,0,3
BRDA:51,11,1,37
BRDA:53,12,0,0
BRDA:53,12,1,15
BRDA:55,13,0,0
BRDA:55,13,1,15
BRDA:60,14,0,4
BRDA:60,14,1,33
BRF:30
BRH:26
end_of_record
TN:
SF:src/themes.js
FN:1430,(anonymous_0)
FN:1436,(anonymous_1)
FN:1446,(anonymous_2)
FNF:3
FNH:3
FNDA:26,(anonymous_0)
FNDA:384,(anonymous_1)
FNDA:400,(anonymous_2)
DA:21,2
DA:1428,2
DA:1430,2
DA:1432,26
DA:1433,25
DA:1434,1
DA:1436,24
DA:1437,384
DA:1438,384
DA:1439,384
DA:1442,1
DA:1445,25
DA:1446,400
LF:13
LH:13
BRDA:1432,0,0,25
BRDA:1432,0,1,1
BRDA:1433,1,0,1
BRDA:1433,1,1,24
BRF:4
BRH:4
end_of_record
TN:
SF:src/validator.js
FN:1,(anonymous_0)
FN:9,(anonymous_1)
FN:15,(anonymous_2)
FN:26,(anonymous_3)
FN:39,(anonymous_4)
FNF:5
FNH:5
FNDA:11,(anonymous_0)
FNDA:4,(anonymous_1)
FNDA:7,(anonymous_2)
FNDA:12,(anonymous_3)
FNDA:28,(anonymous_4)
DA:1,2
DA:2,11
DA:3,7
DA:4,6
DA:6,3
DA:9,2
DA:10,4
DA:12,1
DA:15,2
DA:16,7
DA:17,5
DA:18,4
DA:20,5
DA:21,3
DA:23,2
DA:26,2
DA:27,12
DA:28,9
DA:29,7
DA:30,5
DA:31,4
DA:32,4
DA:33,4
DA:36,2
DA:39,2
DA:40,28
DA:41,27
DA:42,26
DA:43,26
DA:45,25
DA:49,1
LF:31
LH:31
BRDA:2,0,0,4
BRDA:2,0,1,7
BRDA:3,1,0,1
BRDA:3,1,1,6
BRDA:4,2,0,3
BRDA:4,2,1,3
BRDA:10,3,0,3
BRDA:10,3,1,1
BRDA:16,4,0,2
BRDA:16,4,1,5
BRDA:16,5,0,7
BRDA:16,5,1,3
BRDA:17,6,0,4
BRDA:17,6,1,1
BRDA:20,7,0,3
BRDA:20,7,1,2
BRDA:20,8,0,5
BRDA:20,8,1,3
BRDA:27,9,0,3
BRDA:27,9,1,9
BRDA:28,10,0,2
BRDA:28,10,1,7
BRDA:29,11,0,2
BRDA:29,11,1,5
BRDA:30,12,0,1
BRDA:30,12,1,4
BRDA:31,13,0,4
BRDA:31,13,1,0
BRDA:33,14,0,2
BRDA:33,14,1,2
BRDA:33,15,0,4
BRDA:33,15,1,2
BRDA:40,16,0,1
BRDA:40,16,1,27
BRDA:41,17,0,26
BRDA:41,17,1,1
BRF:36
BRH:35
end_of_record
TN:
SF:src/renderer/container.js
FN:4,Container
FN:13,(anonymous_1)
FN:35,(anonymous_2)
FN:55,(anonymous_3)
FN:65,(anonymous_4)
FNF:5
FNH:3
FNDA:42,Container
FNDA:81,(anonymous_1)
FNDA:0,(anonymous_2)
FNDA:2,(anonymous_3)
FNDA:0,(anonymous_4)
DA:5,42
DA:6,42
DA:7,42
DA:8,42
DA:9,42
DA:11,42
DA:13,42
DA:24,81
DA:25,9
DA:27,9
DA:28,8
DA:30,8
DA:36,0
DA:37,0
DA:40,8
DA:41,8
DA:42,0
DA:43,0
DA:44,0
DA:48,81
DA:49,25
DA:50,25
DA:51,3
DA:52,3
DA:56,2
DA:57,2
DA:58,2
DA:59,2
DA:60,2
DA:63,2
DA:66,0
DA:69,3
DA:70,3
DA:72,22
DA:73,22
DA:77,81
DA:79,81
DA:80,26
DA:81,26
DA:84,81
DA:85,24
DA:86,24
DA:88,81
DA:89,2
DA:93,81
DA:94,28
DA:95,28
DA:98,81
DA:99,26
DA:100,26
DA:103,81
DA:104,28
DA:105,28
DA:108,81
DA:112,24
DA:113,24
DA:114,24
DA:118,42
LF:58
LH:52
BRDA:4,0,0,21
BRDA:24,1,0,9
BRDA:24,1,1,72
BRDA:27,2,0,8
BRDA:27,2,1,1
BRDA:36,3,0,0
BRDA:36,3,1,0
BRDA:41,4,0,0
BRDA:41,4,1,8
BRDA:41,5,0,8
BRDA:41,5,1,0
BRDA:48,6,0,25
BRDA:48,6,1,56
BRDA:48,7,0,81
BRDA:48,7,1,35
BRDA:50,8,0,3
BRDA:50,8,1,22
BRDA:51,9,0,3
BRDA:51,9,1,0
BRDA:57,10,0,2
BRDA:57,10,1,0
BRDA:66,11,0,0
BRDA:66,11,1,0
BRDA:69,12,0,0
BRDA:69,12,1,3
BRDA:73,13,0,1
BRDA:73,13,1,21
BRDA:79,14,0,26
BRDA:79,14,1,55
BRDA:79,15,0,81
BRDA:79,15,1,32
BRDA:84,16,0,24
BRDA:84,16,1,57
BRDA:84,17,0,81
BRDA:84,17,1,32
BRDA:88,18,0,2
BRDA:88,18,1,79
BRDA:88,19,0,81
BRDA:88,19,1,29
BRDA:93,20,0,28
BRDA:93,20,1,53
BRDA:93,21,0,81
BRDA:93,21,1,36
BRDA:98,22,0,26
BRDA:98,22,1,55
BRDA:98,23,0,81
BRDA:98,23,1,36
BRDA:103,24,0,28
BRDA:103,24,1,53
BRDA:103,25,0,81
BRDA:103,25,1,36
BRDA:108,26,0,24
BRDA:108,26,1,57
BRDA:109,27,0,81
BRDA:109,27,1,34
BRF:55
BRH:46
end_of_record
TN:
SF:src/renderer/data-row.js
FN:3,(anonymous_0)
FN:30,(anonymous_1)
FN:53,(anonymous_2)
FN:65,(anonymous_3)
FN:86,(anonymous_4)
FN:107,(anonymous_5)
FN:108,(anonymous_6)
FN:150,(anonymous_7)
FN:160,(anonymous_8)
FN:202,(anonymous_9)
FN:217,(anonymous_10)
FNF:11
FNH:6
FNDA:68,(anonymous_0)
FNDA:0,(anonymous_1)
FNDA:0,(anonymous_2)
FNDA:0,(anonymous_3)
FNDA:0,(anonymous_4)
FNDA:2,(anonymous_5)
FNDA:36,(anonymous_6)
FNDA:0,(anonymous_7)
FNDA:6,(anonymous_8)
FNDA:10,(anonymous_9)
FNDA:5,(anonymous_10)
DA:3,3
DA:12,68
DA:13,68
DA:15,68
DA:16,68
DA:17,68
DA:21,68
DA:22,68
DA:23,68
DA:24,68
DA:26,68
DA:27,68
DA:28,68
DA:30,68
DA:31,0
DA:32,0
DA:33,0
DA:34,0
DA:36,0
DA:42,68
DA:43,33
DA:44,33
DA:45,33
DA:48,33
DA:49,33
DA:50,33
DA:51,33
DA:53,33
DA:57,68
DA:59,59
DA:60,59
DA:61,59
DA:64,59
DA:65,59
DA:66,59
DA:69,59
DA:70,59
DA:71,59
DA:72,59
DA:75,68
DA:77,33
DA:78,33
DA:79,33
DA:80,33
DA:83,33
DA:84,33
DA:85,33
DA:86,33
DA:87,33
DA:90,33
DA:91,33
DA:92,33
DA:93,33
DA:96,33
DA:98,33
DA:99,33
DA:100,33
DA:101,33
DA:104,33
DA:107,33
DA:108,33
DA:109,36
DA:117,36
DA:118,36
DA:119,36
DA:123,33
DA:124,33
DA:125,33
DA:127,33
DA:130,35
DA:131,35
DA:132,28
DA:133,28
DA:134,28
DA:137,35
DA:138,35
DA:139,35
DA:140,35
DA:141,35
DA:142,35
DA:143,35
DA:147,68
DA:148,68
DA:149,68
DA:150,68
DA:151,0
DA:154,68
DA:155,68
DA:156,68
DA:157,68
DA:160,68
DA:161,6
DA:162,6
DA:164,6
DA:167,6
DA:171,6
DA:172,1
DA:180,6
DA:181,3
DA:183,3
DA:186,3
DA:190,3
DA:191,1
DA:202,68
DA:203,10
DA:204,1
DA:207,10
DA:208,2
DA:209,2
DA:210,2
DA:212,10
DA:213,6
DA:216,10
DA:217,5
DA:220,68
LF:115
LH:109
BRDA:10,0,0,32
BRDA:16,1,0,68
BRDA:16,1,1,67
BRDA:17,2,0,68
BRDA:17,2,1,48
BRDA:21,3,0,24
BRDA:21,3,1,44
BRDA:24,4,0,36
BRDA:24,4,1,32
BRDA:32,5,0,0
BRDA:32,5,1,0
BRDA:33,6,0,0
BRDA:33,6,1,0
BRDA:42,7,0,33
BRDA:42,7,1,35
BRDA:50,8,0,12
BRDA:50,8,1,21
BRDA:57,9,0,59
BRDA:57,9,1,9
BRDA:57,10,0,68
BRDA:57,10,1,68
BRDA:62,11,0,2
BRDA:62,11,1,57
BRDA:64,12,0,2
BRDA:64,12,1,57
BRDA:75,13,0,33
BRDA:75,13,1,35
BRDA:79,14,0,1
BRDA:79,14,1,32
BRDA:92,15,0,1
BRDA:92,15,1,32
BRDA:98,16,0,1
BRDA:98,16,1,32
BRDA:100,17,0,30
BRDA:100,17,1,3
BRDA:107,18,0,1
BRDA:107,18,1,32
BRDA:126,19,0,1
BRDA:126,19,1,32
BRDA:131,20,0,28
BRDA:131,20,1,7
BRDA:140,21,0,28
BRDA:140,21,1,7
BRDA:141,22,0,28
BRDA:141,22,1,7
BRDA:161,23,0,6
BRDA:161,23,1,0
BRDA:167,24,0,2
BRDA:167,24,1,4
BRDA:167,25,0,6
BRDA:167,25,1,6
BRDA:167,25,2,6
BRDA:171,26,0,1
BRDA:171,26,1,5
BRDA:180,27,0,3
BRDA:180,27,1,3
BRDA:186,28,0,1
BRDA:186,28,1,2
BRDA:186,29,0,3
BRDA:186,29,1,3
BRDA:186,29,2,3
BRDA:190,30,0,1
BRDA:190,30,1,2
BRDA:203,31,0,1
BRDA:203,31,1,9
BRDA:203,32,0,10
BRDA:203,32,1,2
BRDA:207,33,0,2
BRDA:207,33,1,8
BRDA:208,34,0,2
BRDA:208,34,1,0
BRDA:210,35,0,1
BRDA:210,35,1,1
BRDA:210,36,0,1
BRDA:210,36,1,0
BRDA:212,37,0,6
BRDA:212,37,1,4
BRDA:212,38,0,10
BRDA:212,38,1,6
BRDA:216,39,0,5
BRDA:216,39,1,5
BRF:81
BRH:74
end_of_record
TN:
SF:src/renderer/toolbar.js
FN:1,(anonymous_0)
FN:34,(anonymous_1)
FN:44,(anonymous_2)
FN:57,(anonymous_3)
FN:69,(anonymous_4)
FN:81,(anonymous_5)
FN:93,(anonymous_6)
FN:109,(anonymous_7)
FN:114,(anonymous_8)
FNF:9
FNH:9
FNDA:18,(anonymous_0)
FNDA:1,(anonymous_1)
FNDA:1,(anonymous_2)
FNDA:1,(anonymous_3)
FNDA:1,(anonymous_4)
FNDA:1,(anonymous_5)
FNDA:3,(anonymous_6)
FNDA:1,(anonymous_7)
FNDA:1,(anonymous_8)
DA:1,3
DA:8,18
DA:9,18
DA:10,18
DA:11,18
DA:15,18
DA:16,18
DA:19,18
DA:20,18
DA:21,18
DA:24,18
DA:25,18
DA:26,18
DA:29,18
DA:30,18
DA:31,18
DA:32,18
DA:33,18
DA:34,18
DA:35,18
DA:38,18
DA:39,18
DA:40,18
DA:41,18
DA:42,18
DA:43,18
DA:44,18
DA:45,1
DA:46,1
DA:50,18
DA:51,18
DA:52,18
DA:54,18
DA:55,18
DA:56,18
DA:57,18
DA:58,1
DA:59,1
DA:60,1
DA:64,18
DA:65,18
DA:66,18
DA:67,18
DA:68,18
DA:69,18
DA:70,1
DA:71,1
DA:73,18
DA:76,18
DA:77,18
DA:78,18
DA:79,18
DA:80,18
DA:81,18
DA:82,1
DA:83,1
DA:85,18
DA:88,18
DA:89,18
DA:90,18
DA:91,18
DA:92,18
DA:93,18
DA:94,3
DA:95,3
DA:96,3
DA:100,18
DA:103,18
DA:104,18
DA:105,18
DA:106,18
DA:107,18
DA:108,18
DA:109,18
DA:110,1
DA:112,18
DA:114,18
DA:115,1
DA:116,1
DA:117,1
DA:118,1
DA:119,1
DA:122,18
LF:83
LH:83
BRDA:8,0,0,18
BRDA:8,0,1,16
BRDA:9,1,0,2
BRDA:9,1,1,16
BRDA:10,2,0,18
BRDA:10,2,1,17
BRDA:45,3,0,1
BRDA:45,3,1,0
BRDA:58,4,0,0
BRDA:58,4,1,1
BRDA:59,5,0,1
BRDA:59,5,1,0
BRDA:92,6,0,18
BRDA:92,6,1,0
BRDA:117,7,0,1
BRDA:117,7,1,0
BRF:16
BRH:11
end_of_record
